
Copyright (C) 1994-2020 Synopsys, Inc.
This Synopsys software and all associated documentation are proprietary to Synopsys, Inc.
and may only be used pursuant to the terms and conditions of a written license agreement
with Synopsys, Inc. All other use, reproduction, modification, or distribution of the
Synopsys software or the associated documentation is strictly prohibited.
Tool: Synplify Pro (R)
Build: Q-2020.03L-SP1
Install: C:\lscc\diamond\3.12\synpbase
OS: Windows 6.2

Hostname: DELTA

Implementation : lSerial

# Written on Thu Dec 28 16:57:46 2023

##### DESIGN INFO #######################################################

Top View:                "uart"
Constraint File(s):      (none)




##### SUMMARY ############################################################

Found 0 issues in 0 out of 0 constraints


##### DETAILS ############################################################



Clock Relationships
*******************

Starting     Ending       |     rise to rise     |     fall to fall     |     rise to fall     |     fall to rise                     
-------------------------------------------------------------------------------------------------------------------------------------
uart|clk     uart|clk     |     10.000           |     No paths         |     No paths         |     No paths                         
=====================================================================================================================================
 Note: 'No paths' indicates there are no paths in the design for that pair of clock edges.
       'Diff grp' indicates that paths exist but the starting clock and ending clock are in different clock groups.


Unconstrained Start/End Points
******************************

p:rst
p:rxData[0]
p:rxData[1]
p:rxData[2]
p:rxData[3]
p:rxData[4]
p:rxData[5]
p:rxData[6]
p:rxData[7]
p:rxRecv
p:rxd
p:txAct
p:txData[0]
p:txData[1]
p:txData[2]
p:txData[3]
p:txData[4]
p:txData[5]
p:txData[6]
p:txData[7]
p:txDone
p:txSend
p:txd


Inapplicable constraints
************************

(none)


Applicable constraints with issues
**********************************

(none)


Constraints with matching wildcard expressions
**********************************************

(none)


Library Report
**************


# End of Constraint Checker Report
